<?xml version="1.0" encoding="UTF-8" ?>
<testsuite tests="26" failures="0" name="TestRunner" time="20.83" errors="0" skipped="0">
  <properties>
    <property name="java.runtime.name" value="Java(TM) SE Runtime Environment"/>
    <property name="sun.boot.library.path" value="C:\Program Files\Java\jdk1.8.0_241\jre\bin"/>
    <property name="java.vm.version" value="25.241-b07"/>
    <property name="user.country.format" value="UA"/>
    <property name="java.vm.vendor" value="Oracle Corporation"/>
    <property name="maven.multiModuleProjectDirectory" value="C:\Users\Krogan\Documents\GitHub\BDDTest"/>
    <property name="java.vendor.url" value="http://java.oracle.com/"/>
    <property name="path.separator" value=";"/>
    <property name="guice.disable.misplaced.annotation.check" value="true"/>
    <property name="java.vm.name" value="Java HotSpot(TM) 64-Bit Server VM"/>
    <property name="file.encoding.pkg" value="sun.io"/>
    <property name="user.script" value=""/>
    <property name="user.country" value="RU"/>
    <property name="sun.java.launcher" value="SUN_STANDARD"/>
    <property name="sun.os.patch.level" value=""/>
    <property name="java.vm.specification.name" value="Java Virtual Machine Specification"/>
    <property name="user.dir" value="C:\Users\Krogan\Documents\GitHub\BDDTest"/>
    <property name="java.runtime.version" value="1.8.0_241-b07"/>
    <property name="java.awt.graphicsenv" value="sun.awt.Win32GraphicsEnvironment"/>
    <property name="java.endorsed.dirs" value="C:\Program Files\Java\jdk1.8.0_241\jre\lib\endorsed"/>
    <property name="os.arch" value="amd64"/>
    <property name="java.io.tmpdir" value="C:\Users\Krogan\AppData\Local\Temp\"/>
    <property name="line.separator" value="
"/>
    <property name="java.vm.specification.vendor" value="Oracle Corporation"/>
    <property name="user.variant" value=""/>
    <property name="os.name" value="Windows 10"/>
    <property name="classworlds.conf" value="C:\Program Files (x86)\apache-maven-3.6.3\bin\..\bin\m2.conf"/>
    <property name="sun.jnu.encoding" value="Cp1251"/>
    <property name="java.library.path" value="C:\Program Files\Java\jdk1.8.0_241\bin;C:\WINDOWS\Sun\Java\bin;C:\WINDOWS\system32;C:\WINDOWS;C:\Program Files (x86)\Common Files\Oracle\Java\javapath;C:\Windows\system32;C:\Windows;C:\Windows\System32\Wbem;C:\Windows\System32\WindowsPowerShell\v1.0\;C:\Windows\System32\OpenSSH\;C:\Program Files\NVIDIA Corporation\NVIDIA NvDLISR;C:\Program Files (x86)\NVIDIA Corporation\PhysX\Common;C:\WINDOWS\system32;C:\WINDOWS;C:\WINDOWS\System32\Wbem;C:\WINDOWS\System32\WindowsPowerShell\v1.0\;C:\WINDOWS\System32\OpenSSH\;C:\Program Files\Git\cmd;C:\Program Files (x86)\apache-maven-3.6.3\bin;C:\Users\Krogan\AppData\Local\Microsoft\WindowsApps;C:\Users\Krogan\AppData\Local\GitHubDesktop\bin;."/>
    <property name="maven.conf" value="C:\Program Files (x86)\apache-maven-3.6.3\bin\../conf"/>
    <property name="java.specification.name" value="Java Platform API Specification"/>
    <property name="java.class.version" value="52.0"/>
    <property name="sun.management.compiler" value="HotSpot 64-Bit Tiered Compilers"/>
    <property name="os.version" value="10.0"/>
    <property name="library.jansi.path" value="C:\Program Files (x86)\apache-maven-3.6.3\bin\..\lib\jansi-native"/>
    <property name="user.home" value="C:\Users\Krogan"/>
    <property name="user.timezone" value="Asia/Shanghai"/>
    <property name="java.awt.printerjob" value="sun.awt.windows.WPrinterJob"/>
    <property name="java.specification.version" value="1.8"/>
    <property name="file.encoding" value="Cp1251"/>
    <property name="user.name" value="Krogan"/>
    <property name="java.class.path" value="C:\Program Files (x86)\apache-maven-3.6.3\bin\..\boot\plexus-classworlds-2.6.0.jar"/>
    <property name="java.vm.specification.version" value="1.8"/>
    <property name="sun.arch.data.model" value="64"/>
    <property name="java.home" value="C:\Program Files\Java\jdk1.8.0_241\jre"/>
    <property name="sun.java.command" value="org.codehaus.plexus.classworlds.launcher.Launcher clean test"/>
    <property name="java.specification.vendor" value="Oracle Corporation"/>
    <property name="user.language" value="ru"/>
    <property name="awt.toolkit" value="sun.awt.windows.WToolkit"/>
    <property name="java.vm.info" value="mixed mode"/>
    <property name="java.version" value="1.8.0_241"/>
    <property name="java.ext.dirs" value="C:\Program Files\Java\jdk1.8.0_241\jre\lib\ext;C:\WINDOWS\Sun\Java\lib\ext"/>
    <property name="sun.boot.class.path" value="C:\Program Files\Java\jdk1.8.0_241\jre\lib\resources.jar;C:\Program Files\Java\jdk1.8.0_241\jre\lib\rt.jar;C:\Program Files\Java\jdk1.8.0_241\jre\lib\sunrsasign.jar;C:\Program Files\Java\jdk1.8.0_241\jre\lib\jsse.jar;C:\Program Files\Java\jdk1.8.0_241\jre\lib\jce.jar;C:\Program Files\Java\jdk1.8.0_241\jre\lib\charsets.jar;C:\Program Files\Java\jdk1.8.0_241\jre\lib\jfr.jar;C:\Program Files\Java\jdk1.8.0_241\jre\classes"/>
    <property name="sun.stderr.encoding" value="cp866"/>
    <property name="java.vendor" value="Oracle Corporation"/>
    <property name="maven.home" value="C:\Program Files (x86)\apache-maven-3.6.3\bin\.."/>
    <property name="file.separator" value="\"/>
    <property name="java.vendor.url.bug" value="http://bugreport.sun.com/bugreport/"/>
    <property name="sun.cpu.endian" value="little"/>
    <property name="sun.io.unicode.encoding" value="UnicodeLittle"/>
    <property name="sun.stdout.encoding" value="cp866"/>
    <property name="sun.desktop" value="windows"/>
    <property name="sun.cpu.isalist" value="amd64"/>
  </properties>
  <testcase classname="Bank Account" name="User is able to pick actions for account" time="7.167"/>
  <testcase classname="Bank Account" name="User is able to pick actions for account" time="0.322"/>
  <testcase classname="Bank Account" name="User is able to pick actions for account" time="0.306"/>
  <testcase classname="Bank Account" name="User is able to pick actions for account" time="0.302"/>
  <testcase classname="Bank Account" name="User is able to create new account" time="0.608"/>
  <testcase classname="Bank Account" name="User is able to create new account" time="0.651"/>
  <testcase classname="Bank Account" name="User is able to create accounts with duplicate owner" time="1.436"/>
  <testcase classname="Bank Account" name="User is not able to create new account with invalid balance" time="0.494"/>
  <testcase classname="Bank Account" name="User is not able to create new account with invalid balance" time="0.566"/>
  <testcase classname="Bank Account" name="User is not able to create new account with invalid balance" time="0.531"/>
  <testcase classname="Bank Account" name="User is not able to create new account with invalid balance" time="0.55"/>
  <testcase classname="Bank Account" name="User is not able to create new account with invalid balance" time="0.533"/>
  <testcase classname="Bank Account" name="User is not able to create new account with invalid balance" time="0.532"/>
  <testcase classname="Bank Account" name="User is not able to create new account with invalid balance" time="0.505"/>
  <testcase classname="Bank Account" name="User is not able to create new account with invalid balance" time="0.561"/>
  <testcase classname="Bank Account" name="User is able to put money on account" time="0.734"/>
  <testcase classname="Bank Account" name="User is able to put money on account" time="0.732"/>
  <testcase classname="Bank Account" name="User is unable to put invalid amount of money on account" time="0.369"/>
  <testcase classname="Bank Account" name="User is unable to put invalid amount of money on account" time="0.398"/>
  <testcase classname="Bank Account" name="User is unable to put invalid amount of money on account" time="0.362"/>
  <testcase classname="Bank Account" name="User is unable to put invalid amount of money on account" time="0.361"/>
  <testcase classname="Bank Account" name="User is unable to put invalid amount of money on account" time="0.377"/>
  <testcase classname="Bank Account" name="User is unable to put invalid amount of money on account" time="0.381"/>
  <testcase classname="Bank Account" name="User is able to withdraw money from account" time="0.715"/>
  <testcase classname="Bank Account" name="User is able to withdraw money from account" time="0.665"/>
  <testcase classname="Bank Account" name="User is able to go into overdraft if they have right account type" time="0.672"/>
</testsuite>